     1                                  ;hello3.asm
     2                                  bits 64
     3                                  section .data
     4 00000000 48656C6C6F2C20576F-     	msg db "Hello, World!",10,0
     4 00000009 726C64210A00       
     5                                  section	.bss
     6                                  section .text
     7                                  	global main
     8                                  main:
     9 00000000 B801000000              	mov rax, 1
    10 00000005 BF01000000              	mov rdi, 1
    11 0000000A 48BE-                   	mov rsi, msg
    11 0000000C [0000000000000000] 
    12 00000014 BA0E000000              	mov rdx, 14
    13 00000019 0F05                    	syscall
    14                                  	
    15 0000001B B83C000000              	mov rax, 60
    16 00000020 BF00000000              	mov rdi, 0
    17 00000025 0F05                    	syscall
    18                                  
