     1                                  ;; function6.asm
     2                                  
     3                                  extern	printf
     4                                  
     5                                  section	.data
     6 00000000 41                      	first	db	"A"
     7 00000001 42                      	second	db	"B"
     8 00000002 43                      	third	db	"C"
     9 00000003 44                      	fourth	db	"D"
    10 00000004 45                      	fifth	db	"E"
    11 00000005 46                      	sixth	db	"F"
    12 00000006 47                      	seventh	db	"G"
    13 00000007 48                      	eighth	db	"H"
    14 00000008 49                      	ninth	db	"I"
    15 00000009 4A                      	tenth	db	"J"
    16 0000000A 54686520737472696E-     	fmt	db	"The string is: %s",10,0
    16 00000013 672069733A2025730A-
    16 0000001C 00                 
    17                                  
    18                                  section	.bss
    19 00000000 <res Bh>                	flist	resb 	11
    20                                  section	.text
    21                                  	global	main
    22                                  main:
    23 00000000 55                      	push	rbp
    24 00000001 4889E5                  	mov	rbp, rsp
    25                                  
    26 00000004 48BF-                   	mov	rdi, flist
    26 00000006 [0000000000000000] 
    27 0000000E 48BE-                   	mov	rsi, first
    27 00000010 [0000000000000000] 
    28 00000018 48BA-                   	mov	rdx, second
    28 0000001A [0100000000000000] 
    29 00000022 48B9-                   	mov	rcx, third
    29 00000024 [0200000000000000] 
    30 0000002C 49B8-                   	mov	r8, fourth
    30 0000002E [0300000000000000] 
    31 00000036 49B9-                   	mov	r9, fifth
    31 00000038 [0400000000000000] 
    32 00000040 68[09000000]            	push	tenth
    33 00000045 68[08000000]            	push	ninth
    34 0000004A 68[07000000]            	push	eighth
    35 0000004F 68[06000000]            	push	seventh
    36 00000054 68[05000000]            	push	sixth
    37 00000059 E820000000              	call	lfunc
    38                                  	
    39                                  	; Print result.
    40 0000005E 48BF-                   	mov	rdi, fmt
    40 00000060 [0A00000000000000] 
    41 00000068 48BE-                   	mov	rsi, flist
    41 0000006A [0000000000000000] 
    42 00000072 B800000000              	mov	rax, 0
    43 00000077 E8(00000000)            	call	printf
    44                                  
    45 0000007C C9                      	leave 
    46 0000007D C3                      	ret
    47                                  
    48                                  ;--------------------------------------
    49                                  	
    50                                  lfunc:
    51 0000007E 55                      	push	rbp
    52 0000007F 4889E5                  	mov	rbp, rsp
    53                                  	
    54 00000082 4831C0                  	xor	rax, rax
    55 00000085 8A06                    	mov	al, byte[rsi]
    56 00000087 8807                    	mov	[rdi], al
    57 00000089 8A02                    	mov	al, byte[rdx]
    58 0000008B 884701                  	mov	[rdi+1], al
    59 0000008E 8A01                    	mov	al, byte[rcx]
    60 00000090 884702                  	mov	[rdi+2], al
    61 00000093 418A00                  	mov	al, byte[r8]
    62 00000096 884703                  	mov	[rdi+3], al
    63 00000099 418A01                  	mov	al, byte[r9]
    64 0000009C 884704                  	mov	[rdi+4], al
    65                                  	; stack extraction.
    66 0000009F 53                      	push	rbx
    67 000000A0 4831DB                  	xor	rbx, rbx
    68                                  
    69 000000A3 488B4510                	mov	rax, qword[rbp+16]		; First value: first stack pointer + rip + rbp.
    70 000000A7 8A18                    	mov	bl, byte[rax]
    71 000000A9 885F05                  	mov	[rdi+5], bl
    72 000000AC 488B4518                	mov	rax, qword[rbp+24]
    73 000000B0 8A18                    	mov	bl, byte[rax]
    74 000000B2 885F06                  	mov	[rdi+6], bl
    75 000000B5 488B4520                	mov	rax, qword[rbp+32]
    76 000000B9 8A18                    	mov	bl, byte[rax]
    77 000000BB 885F07                  	mov	[rdi+7], bl
    78 000000BE 488B4528                	mov	rax, qword[rbp+40]
    79 000000C2 8A18                    	mov	bl, byte[rax]
    80 000000C4 885F08                  	mov	[rdi+8], bl
    81 000000C7 488B4530                	mov	rax, qword[rbp+48]
    82 000000CB 8A18                    	mov	bl, byte[rax]
    83 000000CD 885F09                  	mov	[rdi+9], bl
    84 000000D0 B300                    	mov	bl, 0
    85 000000D2 885F0A                  	mov	[rdi+10], bl
    86                                  
    87 000000D5 5B                      	pop	rbx
    88                                  
    89 000000D6 4889EC                  	mov	rsp, rbp
    90 000000D9 5D                      	pop	rbp
    91 000000DA C3                      	ret
