     1                                  ;; memory.asm
     2                                  section	.data
     3 00000000 7B                      	bNum	db	123
     4 00000001 3930                    	wNum	dw	12345
     5 00000003 0000<rep 5h>            	warray	times	5 dw 0		; Arrive with 5 words.
     6                                  
     7 0000000D 39300000                	dNum	dd	12345
     8 00000011 3930000000000000        	qNum1	dq	12345
     9 00000019 61626300                	text1	db	"abc",0
    10 0000001D 50455254FB210940        	qNum2	dq	3.141592654
    11 00000025 63646500                	text2	db	"cde",0
    12                                  
    13                                  section	.bss
    14 00000000 ??                      	bvar	resb	1
    15 00000001 ????????????????        	dvar	resd	2
    16 00000009 <res 14h>               	wvar	resw	10
    17 0000001D <res 18h>               	qvar	resq	3
    18                                  
    19                                  section .text
    20                                  	global main
    21                                  main:	
    22 00000000 55                      	push	rbp
    23 00000001 4889E5                  	mov	rbp, rsp		; Epilogue
    24                                  
    25 00000004 488D0425[00000000]      	lea	rax, [bNum]		; Load bNum - adress to rax.
    26 0000000C 48B8-                   	mov	rax, bNum		; Load bNum - adress to rax.
    26 0000000E [0000000000000000] 
    27 00000016 488B0425[00000000]      	mov	rax, [bNum]		; Load bNum - value to rax.
    28 0000001E 48890425[00000000]      	mov	[bvar], rax		; Load from rax to memory adress-bvar.
    29                                  
    30 00000026 488D0425[00000000]      	lea	rax, [bvar]		; Load bvar - adress to rax.
    31 0000002E 488D0425[01000000]      	lea 	rax, [wNum]		; Load wNum - adress to rax.
    32 00000036 488B0425[01000000]      	mov	rax, [wNum]		; Load value wNum to rax.
    33 0000003E 488D0425[19000000]      	lea	rax, [text1]		; Load text1 - adress to rax.
    34                                  
    35 00000046 48B8-                   	mov	rax, text1		; Load text1 - adress to rax.
    35 00000048 [1900000000000000] 
    36 00000050 48B8-                   	mov	rax, text1+1		; Load second char from text1 to rax.
    36 00000052 [1A00000000000000] 
    37 0000005A 488D0425[1A000000]      	lea	rax, [text1+1]		; Load second char from text1 to rax.
    38 00000062 488B0425[19000000]      	mov	rax, [text1]		; Load, from adress text1 to rax.
    39 0000006A 488B0425[1A000000]      	mov	rax, [text1+1]		; Load, from adress text1+1 to rax.
    40                                  
    41 00000072 4889EC                  	mov	rsp, rbp		; Prologue
    42 00000075 5D                      	pop	rbp
    43 00000076 C3                      	ret
