     1                                  ;; aligned.asm
     2                                  extern	printf
     3                                  section	.data
     4 00000000 322074696D65732070-     	fmt	db	"2 times pi equals %.14f",10,0
     4 00000009 6920657175616C7320-
     4 00000012 252E3134660A00     
     5 00000019 8E49E451FB210940        	pi	dq	3.1415926358979
     6                                  section	.bss
     7                                  section	.text
     8                                  ;--------------------------------------
     9                                  func3:
    10 00000000 55                      	push	rbp
    11                                  	
    12 00000001 F20F100425-             	movsd	xmm0, [pi]
    12 00000006 [19000000]         
    13 0000000A F20F580425-             	addsd	xmm0, [pi]
    13 0000000F [19000000]         
    14 00000013 48BF-                   	mov	rdi, fmt
    14 00000015 [0000000000000000] 
    15 0000001D B801000000              	mov	rax, 1
    16 00000022 E8(00000000)            	call	printf
    17                                  	
    18 00000027 5D                      	pop	rbp
    19 00000028 C3                      	ret
    20                                  ;--------------------------------------
    21                                  func2:
    22 00000029 55                      	push	rbp
    23                                  
    24 0000002A E8D1FFFFFF              	call	func3
    25                                  
    26 0000002F 5D                      	pop 	rbp
    27 00000030 C3                      	ret
    28                                  ;--------------------------------------
    29                                  func1:
    30 00000031 55                      	push	rbp
    31                                  	
    32 00000032 E8F2FFFFFF              	call	func2
    33                                  
    34 00000037 5D                      	pop	rbp
    35 00000038 C3                      	ret
    36                                  ;--------------------------------------
    37                                  	global main:
    38                                  main:
    39 00000039 55                      	push	rbp
    40                                  
    41 0000003A E8F2FFFFFF              	call	func1
    42                                  
    43 0000003F 5D                      	pop	rbp
    44 00000040 C3                      	ret
